version: (200506)

available memory: 64M bytes
used memory: 466944 bytes [need 456K bytes if disable swap]

used block: 15 [memory(15) file(0)]
                 [ 8K(9) 64K(6) { total 456K bytes } ]
overhead: (9531) bytes for (15) blocks [Average: (635) bytes/block]

write  => 0(times) 0K(bytes) [0K bytes to file]
read   => 6(times) 155K(bytes) [26K bytes compressed data from file]
access => 682081(times) 5349M(bytes)
          [hit ratio: 99.9991%]

time: write(0) read(0)  unit: second

swap file directory: (/home/jay/Desktop/graduation_project/rtl/verdiLog)
used swap file number: (7)



swap file manager:
arrSize: (256)
idxCnt: (8)
closeHead: (1)
closeTail: (7)
openCnt: (7)
fid(7): fd(1073741829) fileName(/home/jay/Desktop/graduation_project/rtl/simv.daidir/kdb.elab++/work.lib++/ex.v.tdc)
	size(17068) lastModTime(1770539671) curModTime(1770539671)
	mode(rb)	hot(0) cool(6) pos(0)
fid(6): fd(1073741828) fileName(/home/jay/Desktop/graduation_project/rtl/simv.daidir/kdb.elab++/work.lib++/registerfile.v.tdc)
	size(3606) lastModTime(1770539671) curModTime(1770539671)
	mode(rb)	hot(7) cool(5) pos(0)
fid(5): fd(1073741827) fileName(/home/jay/Desktop/graduation_project/rtl/simv.daidir/kdb.elab++/work.lib++/openmips.v.tdc)
	size(16875) lastModTime(1770539671) curModTime(1770539671)
	mode(rb)	hot(6) cool(4) pos(0)
fid(4): fd(1073741826) fileName(/home/jay/Desktop/graduation_project/rtl/simv.daidir/kdb.elab++/work.lib++/top.v.tdc)
	size(1836) lastModTime(1770539671) curModTime(1770539671)
	mode(rb)	hot(5) cool(3) pos(0)
fid(3): fd(1073741825) fileName(/home/jay/Desktop/graduation_project/rtl/simv.daidir/kdb.elab++/work.lib++/testbench.v.tdc)
	size(3043) lastModTime(1770539671) curModTime(1770539671)
	mode(rb)	hot(4) cool(2) pos(0)
fid(2): fd(33) fileName(/home/jay/Desktop/graduation_project/rtl/verdiLog/_swap_0001#8323329#84490)
	size(0) lastModTime(0) curModTime(1770540048)
	mode(w+b)	hot(3) cool(1) pos(0)
fid(1): fd(1073741824) fileName(/home/jay/Desktop/graduation_project/rtl/simv.daidir/kdb.elab++/work.lib++/std_bram.v.tdc)
	size(2795) lastModTime(1770539671) curModTime(1770539671)
	mode(rb)	hot(2) cool(0) pos(0)
fid(0): fd(0) fileName(NULL)
	mode(NULL)	hot(0) cool(0) pos(0)
==================================================
mySelf(23171690) pre(22267490) next(0)
version(200506)
date(Feb 11 2019 22:10:27)
