version: (200506)

available memory: 64M bytes
used memory: 253952 bytes [need 248K bytes if disable swap]

used block: 10 [memory(10) file(0)]
                 [ 8K(7) 64K(3) { total 248K bytes } ]
overhead: (9522) bytes for (10) blocks [Average: (952) bytes/block]

write  => 0(times) 0K(bytes) [0K bytes to file]
read   => 3(times) 95K(bytes) [14K bytes compressed data from file]
access => 259025(times) 2038M(bytes)
          [hit ratio: 99.9988%]

time: write(0) read(0)  unit: second

swap file directory: (/home/jay/Desktop/graduation_project/i2c/verdiLog)
used swap file number: (4)



swap file manager:
arrSize: (256)
idxCnt: (5)
closeHead: (1)
closeTail: (4)
openCnt: (4)
fid(4): fd(1073741826) fileName(/home/jay/Desktop/graduation_project/i2c/simv.daidir/kdb.elab++/work.lib++/i2c_eeprom.v.tdc)
	size(6368) lastModTime(1769097423) curModTime(1769097423)
	mode(rb)	hot(0) cool(3) pos(0)
fid(3): fd(1073741825) fileName(/home/jay/Desktop/graduation_project/i2c/simv.daidir/kdb.elab++/work.lib++/i2c_eeprom_ctrl.v.tdc)
	size(10288) lastModTime(1769097423) curModTime(1769097423)
	mode(rb)	hot(4) cool(2) pos(0)
fid(2): fd(29) fileName(/home/jay/Desktop/graduation_project/i2c/verdiLog/_swap_0001#8323329#133374)
	size(0) lastModTime(0) curModTime(1769097429)
	mode(w+b)	hot(3) cool(1) pos(0)
fid(1): fd(1073741824) fileName(/home/jay/Desktop/graduation_project/i2c/simv.daidir/kdb.elab++/work.lib++/i2c_eeprom_tb.v.tdc)
	size(8132) lastModTime(1769097423) curModTime(1769097423)
	mode(rb)	hot(2) cool(0) pos(0)
fid(0): fd(0) fileName(NULL)
	mode(NULL)	hot(0) cool(0) pos(0)
==================================================
mySelf(1a349d60) pre(1983c620) next(0)
version(200506)
date(Feb 11 2019 22:10:27)
