version: (200506)

available memory: 64M bytes
used memory: 221184 bytes [need 216K bytes if disable swap]

used block: 6 [memory(6) file(0)]
                 [ 8K(3) 64K(3) { total 216K bytes } ]
overhead: (9522) bytes for (6) blocks [Average: (1587) bytes/block]

write  => 0(times) 0K(bytes) [0K bytes to file]
read   => 3(times) 27K(bytes) [6K bytes compressed data from file]
access => 314970(times) 2468M(bytes)
          [hit ratio: 99.999%]

time: write(0) read(0)  unit: second

swap file directory: (/home/jay/Desktop/graduation_project/practise/fifo/syn_fifo/verdiLog)
used swap file number: (4)



swap file manager:
arrSize: (256)
idxCnt: (5)
closeHead: (1)
closeTail: (4)
openCnt: (4)
fid(4): fd(1073741826) fileName(/home/jay/Desktop/graduation_project/practise/fifo/syn_fifo/simv.daidir/kdb.elab++/work.lib++/ram.v.tdc)
	size(2047) lastModTime(1768633664) curModTime(1768633664)
	mode(rb)	hot(0) cool(3) pos(0)
fid(3): fd(1073741825) fileName(/home/jay/Desktop/graduation_project/practise/fifo/syn_fifo/simv.daidir/kdb.elab++/work.lib++/fifo.v.tdc)
	size(3416) lastModTime(1768633664) curModTime(1768633664)
	mode(rb)	hot(4) cool(2) pos(0)
fid(2): fd(33) fileName(/home/jay/Desktop/graduation_project/practise/fifo/syn_fifo/verdiLog/_swap_0001#8323329#110124)
	size(0) lastModTime(0) curModTime(1768633736)
	mode(w+b)	hot(3) cool(1) pos(0)
fid(1): fd(1073741824) fileName(/home/jay/Desktop/graduation_project/practise/fifo/syn_fifo/simv.daidir/kdb.elab++/work.lib++/testbench.v.tdc)
	size(5822) lastModTime(1768633664) curModTime(1768633664)
	mode(rb)	hot(2) cool(0) pos(0)
fid(0): fd(0) fileName(NULL)
	mode(NULL)	hot(0) cool(0) pos(0)
==================================================
mySelf(3619e0d0) pre(35360620) next(0)
version(200506)
date(Feb 11 2019 22:10:27)
