version: (200506)

available memory: 64M bytes
used memory: 671744 bytes [need 656K bytes if disable swap]

used block: 19 [memory(19) file(0)]
                 [ 8K(10) 64K(9) { total 656K bytes } ]
overhead: (9522) bytes for (19) blocks [Average: (501) bytes/block]

write  => 0(times) 0K(bytes) [0K bytes to file]
read   => 9(times) 79K(bytes) [14K bytes compressed data from file]
access => 579046(times) 4545M(bytes)
          [hit ratio: 99.9984%]

time: write(0) read(0)  unit: second

swap file directory: (/home/jay/Desktop/graduation_project/verdiLog)
used swap file number: (11)



swap file manager:
arrSize: (256)
idxCnt: (12)
closeHead: (1)
closeTail: (8)
openCnt: (10)
fid(11): fd(1073741830) fileName(/home/jay/Desktop/graduation_project/simv.daidir/kdb.elab++/work.lib++/ex.v.tdc)
	size(3860) lastModTime(1767449388) curModTime(1767449388)
	mode(rb)	hot(10) cool(9) pos(0)
fid(10): fd(1073741831) fileName(/home/jay/Desktop/graduation_project/simv.daidir/kdb.elab++/work.lib++/muxwithdefault.v.tdc)
	size(2808) lastModTime(1767449388) curModTime(1767449388)
	mode(rb)	hot(8) cool(11) pos(0)
fid(9): fd(1073741829) fileName(/home/jay/Desktop/graduation_project/simv.daidir/kdb.elab++/work.lib++/reg.v.tdc)
	size(939) lastModTime(1767449388) curModTime(1767449388)
	mode(rb)	hot(11) cool(6) pos(0)
fid(8): fd(1073741832) fileName(/home/jay/Desktop/graduation_project/simv.daidir/kdb.elab++/work.lib++/id.v.tdc)
	size(7286) lastModTime(1767449388) curModTime(1767449388)
	mode(rb)	hot(0) cool(10) pos(0)
fid(7): fd(0) fileName(/home/jay/Desktop/graduation_project/simv.daidir/kdb.elab++/work.lib++/pc.v.tdc)
	size(1984) lastModTime(1767449388) curModTime(1767449388)
	mode(rb)	hot(0) cool(0) pos(0)
fid(6): fd(1073741828) fileName(/home/jay/Desktop/graduation_project/simv.daidir/kdb.elab++/work.lib++/openmips.v.tdc)
	size(3558) lastModTime(1767449388) curModTime(1767449388)
	mode(rb)	hot(9) cool(5) pos(0)
fid(5): fd(1073741827) fileName(/home/jay/Desktop/graduation_project/simv.daidir/kdb.elab++/work.lib++/instrom.v.tdc)
	size(1732) lastModTime(1767449388) curModTime(1767449388)
	mode(rb)	hot(6) cool(4) pos(0)
fid(4): fd(1073741826) fileName(/home/jay/Desktop/graduation_project/simv.daidir/kdb.elab++/work.lib++/top.v.tdc)
	size(1263) lastModTime(1767449388) curModTime(1767449388)
	mode(rb)	hot(5) cool(3) pos(0)
fid(3): fd(1073741825) fileName(/home/jay/Desktop/graduation_project/simv.daidir/kdb.elab++/work.lib++/testbench.v.tdc)
	size(1348) lastModTime(1767449388) curModTime(1767449388)
	mode(rb)	hot(4) cool(2) pos(0)
fid(2): fd(29) fileName(/home/jay/Desktop/graduation_project/verdiLog/_swap_0001#8323329#2682789)
	size(0) lastModTime(0) curModTime(1767452093)
	mode(w+b)	hot(3) cool(1) pos(0)
fid(1): fd(1073741824) fileName(/home/jay/Desktop/graduation_project/simv.daidir/kdb.elab++/work.lib++/mux.v.tdc)
	size(2752) lastModTime(1767449388) curModTime(1767449388)
	mode(rb)	hot(2) cool(0) pos(0)
fid(0): fd(0) fileName(NULL)
	mode(NULL)	hot(0) cool(0) pos(0)
==================================================
mySelf(402f7d20) pre(3f7e8ca0) next(0)
version(200506)
date(Feb 11 2019 22:10:27)
