simSetSimulator "-vcssv" -exec "/home/jay/Desktop/graduation_project/rtl/simv" \
           -args
debImport "-dbdir" "/home/jay/Desktop/graduation_project/rtl/simv.daidir"
debLoadSimResult /home/jay/Desktop/graduation_project/rtl/testbench.fsdb
wvCreateWindow
nMemCreateWindow
nMemGetVariable -win $_nMem0 -var testbench.top.dataram0.bank1.mem -delim . -from \
           DUMPED_BY_SIMULATOR -addrRange {[0:8191]} -wordBitRange {[31:0]} \
           -wordsInOneRow 8
srcHBDrag -win $_nTrace1
srcSetScope -win $_nTrace1 "testbench" -delim "."
srcHBSelect "mux.i0" -win $_nTrace1
srcHBSelect "testbench.top" -win $_nTrace1 -add
srcHBSelect "mux" -win $_nTrace1 -add
srcHBSelect "testbench" -win $_nTrace1 -add
srcSetScope -win $_nTrace1 "testbench.top" -delim "."
srcHBSelect "testbench.top" -win $_nTrace1
nMemGetVariable -win $_nMem0 -var testbench.top.dataram0.bank0.mem -delim . -from \
           DUMPED_BY_SIMULATOR -addrRange {[0:8191]} -wordBitRange {[31:0]} \
           -wordsInOneRow 8
