version: (200506)

available memory: 64M bytes
used memory: 81920 bytes [need 80K bytes if disable swap]

used block: 3 [memory(3) file(0)]
                 [ 8K(2) 64K(1) { total 80K bytes } ]
overhead: (9522) bytes for (3) blocks [Average: (3174) bytes/block]

write  => 0(times) 0K(bytes) [0K bytes to file]
read   => 1(times) 9K(bytes) [1K bytes compressed data from file]
access => 68799(times) 540M(bytes)
          [hit ratio: 99.9985%]

time: write(0) read(0)  unit: second

swap file directory: (/home/jay/Desktop/graduation_project/rtl/verdiLog)
used swap file number: (1)



swap file manager:
arrSize: (256)
idxCnt: (3)
closeHead: (1)
closeTail: (2)
openCnt: (2)
fid(2): fd(33) fileName(/home/jay/Desktop/graduation_project/rtl/verdiLog/_swap_0001#8323329#64350)
	size(0) lastModTime(0) curModTime(1770471081)
	mode(w+b)	hot(0) cool(1) pos(0)
fid(1): fd(1073741824) fileName(/home/jay/Desktop/graduation_project/rtl/simv.daidir/kdb.elab++/work.lib++/mux.v.tdc)
	size(2755) lastModTime(1770467544) curModTime(1770467544)
	mode(rb)	hot(2) cool(0) pos(0)
fid(0): fd(0) fileName(NULL)
	mode(NULL)	hot(0) cool(0) pos(0)
==================================================
mySelf(19566190) pre(185e3570) next(0)
version(200506)
date(Feb 11 2019 22:10:27)
