Command: /home/jay/Desktop/graduation_project/i2c_interface/./simv -l sim.log
Chronologic VCS simulator copyright 1991-2018
Contains Synopsys proprietary information.
Compiler version O-2018.09-SP2_Full64; Runtime version O-2018.09-SP2_Full64;  Jan 21 22:05 2026
*Verdi* Loading libsscore_vcs201809.so
FSDB Dumper for VCS, Release Verdi_O-2018.09-SP2, Linux x86_64/64bit, 02/21/2019
(C) 1996 - 2019 by Synopsys, Inc.
*Verdi* FSDB WARNING: The FSDB file already exists. Overwriting the FSDB file may crash the programs that are using this file.
*Verdi* : Create FSDB file '/home/jay/Desktop/graduation_project/i2c_interface/i2c_test.fsdb'
*Verdi* : Begin traversing the scopes, layer (0).
*Verdi* : Enable +all dumping.
*Verdi* : End of traversing.
Time=0 | START=0 | BUSY=0 | DONE=0 | RW=0 | SDA=1 | SCL=1 | RD_DATA=0x00 | M_STATE=0 | M_BYTE=0 | S_STATE=0 | S_BIT=0 | S_SHIFT=0x00
=== I2C Interface Test Started ===
Time: 200000

--- Test 1: Single Byte Write ---
Writing 0xA5 to slave address 0x50
Time=205000 | START=1 | BUSY=0 | DONE=0 | RW=0 | SDA=1 | SCL=1 | RD_DATA=0x00 | M_STATE=0 | M_BYTE=0 | S_STATE=0 | S_BIT=0 | S_SHIFT=0x00
Time=215000 | START=0 | BUSY=0 | DONE=0 | RW=0 | SDA=1 | SCL=1 | RD_DATA=0x00 | M_STATE=0 | M_BYTE=0 | S_STATE=0 | S_BIT=0 | S_SHIFT=0x00
Time=2665000 | START=0 | BUSY=1 | DONE=0 | RW=0 | SDA=1 | SCL=1 | RD_DATA=0x00 | M_STATE=1 | M_BYTE=1 | S_STATE=0 | S_BIT=0 | S_SHIFT=0x00
Time=5225000 | START=0 | BUSY=1 | DONE=0 | RW=0 | SDA=0 | SCL=1 | RD_DATA=0x00 | M_STATE=2 | M_BYTE=1 | S_STATE=0 | S_BIT=0 | S_SHIFT=0x00
Time=5245000 | START=0 | BUSY=1 | DONE=0 | RW=0 | SDA=0 | SCL=1 | RD_DATA=0x00 | M_STATE=2 | M_BYTE=1 | S_STATE=1 | S_BIT=0 | S_SHIFT=0x00
Time=7785000 | START=0 | BUSY=1 | DONE=0 | RW=0 | SDA=0 | SCL=0 | RD_DATA=0x00 | M_STATE=2 | M_BYTE=1 | S_STATE=1 | S_BIT=0 | S_SHIFT=0x00
Time=10345000 | START=0 | BUSY=1 | DONE=0 | RW=0 | SDA=1 | SCL=1 | RD_DATA=0x00 | M_STATE=2 | M_BYTE=1 | S_STATE=1 | S_BIT=0 | S_SHIFT=0x00
Time=10365000 | START=0 | BUSY=1 | DONE=0 | RW=0 | SDA=1 | SCL=1 | RD_DATA=0x00 | M_STATE=2 | M_BYTE=1 | S_STATE=1 | S_BIT=1 | S_SHIFT=0x01
Time=12905000 | START=0 | BUSY=1 | DONE=0 | RW=0 | SDA=1 | SCL=0 | RD_DATA=0x00 | M_STATE=2 | M_BYTE=1 | S_STATE=1 | S_BIT=1 | S_SHIFT=0x01
Time=15465000 | START=0 | BUSY=1 | DONE=0 | RW=0 | SDA=1 | SCL=1 | RD_DATA=0x00 | M_STATE=2 | M_BYTE=1 | S_STATE=1 | S_BIT=1 | S_SHIFT=0x01
Time=15485000 | START=0 | BUSY=1 | DONE=0 | RW=0 | SDA=1 | SCL=1 | RD_DATA=0x00 | M_STATE=2 | M_BYTE=1 | S_STATE=1 | S_BIT=2 | S_SHIFT=0x03
Time=18025000 | START=0 | BUSY=1 | DONE=0 | RW=0 | SDA=1 | SCL=0 | RD_DATA=0x00 | M_STATE=2 | M_BYTE=1 | S_STATE=1 | S_BIT=2 | S_SHIFT=0x03
Time=20585000 | START=0 | BUSY=1 | DONE=0 | RW=0 | SDA=1 | SCL=1 | RD_DATA=0x00 | M_STATE=2 | M_BYTE=1 | S_STATE=1 | S_BIT=2 | S_SHIFT=0x03
Time=20605000 | START=0 | BUSY=1 | DONE=0 | RW=0 | SDA=1 | SCL=1 | RD_DATA=0x00 | M_STATE=2 | M_BYTE=1 | S_STATE=1 | S_BIT=3 | S_SHIFT=0x07
Time=23145000 | START=0 | BUSY=1 | DONE=0 | RW=0 | SDA=1 | SCL=0 | RD_DATA=0x00 | M_STATE=2 | M_BYTE=1 | S_STATE=1 | S_BIT=3 | S_SHIFT=0x07
Time=25705000 | START=0 | BUSY=1 | DONE=0 | RW=0 | SDA=1 | SCL=1 | RD_DATA=0x00 | M_STATE=2 | M_BYTE=1 | S_STATE=1 | S_BIT=3 | S_SHIFT=0x07
Time=25725000 | START=0 | BUSY=1 | DONE=0 | RW=0 | SDA=1 | SCL=1 | RD_DATA=0x00 | M_STATE=2 | M_BYTE=1 | S_STATE=1 | S_BIT=4 | S_SHIFT=0x0f
Time=28265000 | START=0 | BUSY=1 | DONE=0 | RW=0 | SDA=1 | SCL=0 | RD_DATA=0x00 | M_STATE=2 | M_BYTE=1 | S_STATE=1 | S_BIT=4 | S_SHIFT=0x0f
Time=30825000 | START=0 | BUSY=1 | DONE=0 | RW=0 | SDA=1 | SCL=1 | RD_DATA=0x00 | M_STATE=2 | M_BYTE=1 | S_STATE=1 | S_BIT=4 | S_SHIFT=0x0f
Time=30845000 | START=0 | BUSY=1 | DONE=0 | RW=0 | SDA=1 | SCL=1 | RD_DATA=0x00 | M_STATE=2 | M_BYTE=1 | S_STATE=1 | S_BIT=5 | S_SHIFT=0x1f
Time=33385000 | START=0 | BUSY=1 | DONE=0 | RW=0 | SDA=1 | SCL=0 | RD_DATA=0x00 | M_STATE=2 | M_BYTE=1 | S_STATE=1 | S_BIT=5 | S_SHIFT=0x1f
Time=35945000 | START=0 | BUSY=1 | DONE=0 | RW=0 | SDA=1 | SCL=1 | RD_DATA=0x00 | M_STATE=2 | M_BYTE=1 | S_STATE=1 | S_BIT=5 | S_SHIFT=0x1f
Time=35965000 | START=0 | BUSY=1 | DONE=0 | RW=0 | SDA=1 | SCL=1 | RD_DATA=0x00 | M_STATE=2 | M_BYTE=1 | S_STATE=1 | S_BIT=6 | S_SHIFT=0x3f
Time=38505000 | START=0 | BUSY=1 | DONE=0 | RW=0 | SDA=1 | SCL=0 | RD_DATA=0x00 | M_STATE=2 | M_BYTE=1 | S_STATE=1 | S_BIT=6 | S_SHIFT=0x3f
Time=41065000 | START=0 | BUSY=1 | DONE=0 | RW=0 | SDA=1 | SCL=1 | RD_DATA=0x00 | M_STATE=2 | M_BYTE=1 | S_STATE=1 | S_BIT=6 | S_SHIFT=0x3f
Time=41085000 | START=0 | BUSY=1 | DONE=0 | RW=0 | SDA=1 | SCL=1 | RD_DATA=0x00 | M_STATE=2 | M_BYTE=1 | S_STATE=1 | S_BIT=7 | S_SHIFT=0x7f
Time=43625000 | START=0 | BUSY=1 | DONE=0 | RW=0 | SDA=1 | SCL=0 | RD_DATA=0x00 | M_STATE=2 | M_BYTE=1 | S_STATE=1 | S_BIT=7 | S_SHIFT=0x7f
Time=46185000 | START=0 | BUSY=1 | DONE=0 | RW=0 | SDA=0 | SCL=1 | RD_DATA=0x00 | M_STATE=2 | M_BYTE=1 | S_STATE=1 | S_BIT=7 | S_SHIFT=0x7f
Time=46205000 | START=0 | BUSY=1 | DONE=0 | RW=0 | SDA=0 | SCL=1 | RD_DATA=0x00 | M_STATE=2 | M_BYTE=1 | S_STATE=2 | S_BIT=8 | S_SHIFT=0xfe
Time=48745000 | START=0 | BUSY=1 | DONE=0 | RW=0 | SDA=0 | SCL=0 | RD_DATA=0x00 | M_STATE=3 | M_BYTE=1 | S_STATE=2 | S_BIT=8 | S_SHIFT=0xfe
Time=51305000 | START=0 | BUSY=1 | DONE=0 | RW=0 | SDA=0 | SCL=1 | RD_DATA=0x00 | M_STATE=3 | M_BYTE=1 | S_STATE=2 | S_BIT=8 | S_SHIFT=0xfe
Time=51325000 | START=0 | BUSY=1 | DONE=0 | RW=0 | SDA=0 | SCL=1 | RD_DATA=0x00 | M_STATE=3 | M_BYTE=1 | S_STATE=3 | S_BIT=0 | S_SHIFT=0xfe
Time=53865000 | START=0 | BUSY=1 | DONE=0 | RW=0 | SDA=0 | SCL=0 | RD_DATA=0x00 | M_STATE=4 | M_BYTE=1 | S_STATE=3 | S_BIT=0 | S_SHIFT=0xfe
Time=53885000 | START=0 | BUSY=1 | DONE=0 | RW=0 | SDA=1 | SCL=0 | RD_DATA=0x00 | M_STATE=4 | M_BYTE=1 | S_STATE=3 | S_BIT=0 | S_SHIFT=0xfe
Time=56425000 | START=0 | BUSY=1 | DONE=0 | RW=0 | SDA=1 | SCL=1 | RD_DATA=0x00 | M_STATE=4 | M_BYTE=1 | S_STATE=3 | S_BIT=0 | S_SHIFT=0xfe
Time=56445000 | START=0 | BUSY=1 | DONE=0 | RW=0 | SDA=1 | SCL=1 | RD_DATA=0x00 | M_STATE=4 | M_BYTE=1 | S_STATE=3 | S_BIT=1 | S_SHIFT=0xfd
Time=58985000 | START=0 | BUSY=1 | DONE=0 | RW=0 | SDA=1 | SCL=0 | RD_DATA=0x00 | M_STATE=4 | M_BYTE=1 | S_STATE=3 | S_BIT=1 | S_SHIFT=0xfd
Time=61545000 | START=0 | BUSY=1 | DONE=0 | RW=0 | SDA=0 | SCL=1 | RD_DATA=0x00 | M_STATE=4 | M_BYTE=1 | S_STATE=3 | S_BIT=1 | S_SHIFT=0xfd
Time=61565000 | START=0 | BUSY=1 | DONE=0 | RW=0 | SDA=0 | SCL=1 | RD_DATA=0x00 | M_STATE=4 | M_BYTE=1 | S_STATE=3 | S_BIT=2 | S_SHIFT=0xfa
Time=64105000 | START=0 | BUSY=1 | DONE=0 | RW=0 | SDA=0 | SCL=0 | RD_DATA=0x00 | M_STATE=4 | M_BYTE=1 | S_STATE=3 | S_BIT=2 | S_SHIFT=0xfa
Time=66665000 | START=0 | BUSY=1 | DONE=0 | RW=0 | SDA=1 | SCL=1 | RD_DATA=0x00 | M_STATE=4 | M_BYTE=1 | S_STATE=3 | S_BIT=2 | S_SHIFT=0xfa
Time=66685000 | START=0 | BUSY=1 | DONE=0 | RW=0 | SDA=1 | SCL=1 | RD_DATA=0x00 | M_STATE=4 | M_BYTE=1 | S_STATE=3 | S_BIT=3 | S_SHIFT=0xf5
Time=69225000 | START=0 | BUSY=1 | DONE=0 | RW=0 | SDA=1 | SCL=0 | RD_DATA=0x00 | M_STATE=4 | M_BYTE=1 | S_STATE=3 | S_BIT=3 | S_SHIFT=0xf5
Time=71785000 | START=0 | BUSY=1 | DONE=0 | RW=0 | SDA=0 | SCL=1 | RD_DATA=0x00 | M_STATE=4 | M_BYTE=1 | S_STATE=3 | S_BIT=3 | S_SHIFT=0xf5
Time=71805000 | START=0 | BUSY=1 | DONE=0 | RW=0 | SDA=0 | SCL=1 | RD_DATA=0x00 | M_STATE=4 | M_BYTE=1 | S_STATE=3 | S_BIT=4 | S_SHIFT=0xea
Time=74345000 | START=0 | BUSY=1 | DONE=0 | RW=0 | SDA=0 | SCL=0 | RD_DATA=0x00 | M_STATE=4 | M_BYTE=1 | S_STATE=3 | S_BIT=4 | S_SHIFT=0xea
Time=76905000 | START=0 | BUSY=1 | DONE=0 | RW=0 | SDA=0 | SCL=1 | RD_DATA=0x00 | M_STATE=4 | M_BYTE=1 | S_STATE=3 | S_BIT=4 | S_SHIFT=0xea
Time=76925000 | START=0 | BUSY=1 | DONE=0 | RW=0 | SDA=0 | SCL=1 | RD_DATA=0x00 | M_STATE=4 | M_BYTE=1 | S_STATE=3 | S_BIT=5 | S_SHIFT=0xd4
Time=79465000 | START=0 | BUSY=1 | DONE=0 | RW=0 | SDA=0 | SCL=0 | RD_DATA=0x00 | M_STATE=4 | M_BYTE=1 | S_STATE=3 | S_BIT=5 | S_SHIFT=0xd4
Time=82025000 | START=0 | BUSY=1 | DONE=0 | RW=0 | SDA=1 | SCL=1 | RD_DATA=0x00 | M_STATE=4 | M_BYTE=1 | S_STATE=3 | S_BIT=5 | S_SHIFT=0xd4
Time=82045000 | START=0 | BUSY=1 | DONE=0 | RW=0 | SDA=1 | SCL=1 | RD_DATA=0x00 | M_STATE=4 | M_BYTE=1 | S_STATE=3 | S_BIT=6 | S_SHIFT=0xa9
Time=84585000 | START=0 | BUSY=1 | DONE=0 | RW=0 | SDA=1 | SCL=0 | RD_DATA=0x00 | M_STATE=4 | M_BYTE=1 | S_STATE=3 | S_BIT=6 | S_SHIFT=0xa9
Time=87145000 | START=0 | BUSY=1 | DONE=0 | RW=0 | SDA=0 | SCL=1 | RD_DATA=0x00 | M_STATE=4 | M_BYTE=1 | S_STATE=3 | S_BIT=6 | S_SHIFT=0xa9
Time=87165000 | START=0 | BUSY=1 | DONE=0 | RW=0 | SDA=0 | SCL=1 | RD_DATA=0x00 | M_STATE=4 | M_BYTE=1 | S_STATE=3 | S_BIT=7 | S_SHIFT=0x52
Time=89705000 | START=0 | BUSY=1 | DONE=0 | RW=0 | SDA=0 | SCL=0 | RD_DATA=0x00 | M_STATE=4 | M_BYTE=1 | S_STATE=3 | S_BIT=7 | S_SHIFT=0x52
Time=92265000 | START=0 | BUSY=1 | DONE=0 | RW=0 | SDA=1 | SCL=1 | RD_DATA=0x00 | M_STATE=4 | M_BYTE=1 | S_STATE=3 | S_BIT=7 | S_SHIFT=0x52
Time=92275000 | START=0 | BUSY=1 | DONE=0 | RW=0 | SDA=1 | SCL=1 | RD_DATA=0x00 | M_STATE=5 | M_BYTE=1 | S_STATE=3 | S_BIT=7 | S_SHIFT=0x52
Time=92285000 | START=0 | BUSY=1 | DONE=0 | RW=0 | SDA=1 | SCL=1 | RD_DATA=0x00 | M_STATE=5 | M_BYTE=1 | S_STATE=4 | S_BIT=8 | S_SHIFT=0xa5
Time=94825000 | START=0 | BUSY=1 | DONE=0 | RW=0 | SDA=1 | SCL=0 | RD_DATA=0x00 | M_STATE=8 | M_BYTE=2 | S_STATE=4 | S_BIT=8 | S_SHIFT=0xa5
Time=94845000 | START=0 | BUSY=1 | DONE=0 | RW=0 | SDA=x | SCL=0 | RD_DATA=0x00 | M_STATE=8 | M_BYTE=2 | S_STATE=4 | S_BIT=8 | S_SHIFT=0xa5
Time=97385000 | START=0 | BUSY=0 | DONE=1 | RW=0 | SDA=x | SCL=1 | RD_DATA=0x00 | M_STATE=8 | M_BYTE=2 | S_STATE=4 | S_BIT=8 | S_SHIFT=0xa5
ERROR: ACK error detected!
Time=97405000 | START=0 | BUSY=0 | DONE=1 | RW=0 | SDA=x | SCL=1 | RD_DATA=0x00 | M_STATE=8 | M_BYTE=2 | S_STATE=3 | S_BIT=0 | S_SHIFT=0xa5
Time=99945000 | START=0 | BUSY=0 | DONE=1 | RW=0 | SDA=x | SCL=1 | RD_DATA=0x00 | M_STATE=0 | M_BYTE=2 | S_STATE=3 | S_BIT=0 | S_SHIFT=0xa5

=== All Tests Completed ===
Time: 107395000
$finish called from file "i2c_tb.v", line 155.
$finish at simulation time            112395000
           V C S   S i m u l a t i o n   R e p o r t 
Time: 112395000 ps
CPU Time:      0.140 seconds;       Data structure size:   0.0Mb
Wed Jan 21 22:05:56 2026
