version: (200506)

available memory: 64M bytes
used memory: 73728 bytes [need 72K bytes if disable swap]

used block: 2 [memory(2) file(0)]
                 [ 8K(1) 64K(1) { total 72K bytes } ]
overhead: (9522) bytes for (2) blocks [Average: (4761) bytes/block]

write  => 0(times) 0K(bytes) [0K bytes to file]
read   => 1(times) 17K(bytes) [4K bytes compressed data from file]
access => 23614(times) 186M(bytes)
          [hit ratio: 99.9958%]

time: write(0) read(0)  unit: second

swap file directory: (/home/jay/Desktop/graduation_project/practise/fifo/asyn_fifo/verdiLog)
used swap file number: (1)



swap file manager:
arrSize: (256)
idxCnt: (3)
closeHead: (1)
closeTail: (2)
openCnt: (2)
fid(2): fd(33) fileName(/home/jay/Desktop/graduation_project/practise/fifo/asyn_fifo/verdiLog/_swap_0001#8323329#9190)
	size(0) lastModTime(0) curModTime(1768704672)
	mode(w+b)	hot(0) cool(1) pos(0)
fid(1): fd(1073741824) fileName(/home/jay/Desktop/graduation_project/practise/fifo/asyn_fifo/simv.daidir/kdb.elab++/work.lib++/testbench.v.tdc)
	size(6935) lastModTime(1768704667) curModTime(1768704667)
	mode(rb)	hot(2) cool(0) pos(0)
fid(0): fd(0) fileName(NULL)
	mode(NULL)	hot(0) cool(0) pos(0)
==================================================
mySelf(4e6fc6e0) pre(4d8e1c50) next(0)
version(200506)
date(Feb 11 2019 22:10:27)
