version: (200506)

available memory: 64M bytes
used memory: 385024 bytes [need 376K bytes if disable swap]

used block: 12 [memory(12) file(0)]
                 [ 8K(7) 64K(5) { total 376K bytes } ]
overhead: (9522) bytes for (12) blocks [Average: (793) bytes/block]

write  => 0(times) 0K(bytes) [0K bytes to file]
read   => 5(times) 106K(bytes) [19K bytes compressed data from file]
access => 123970(times) 983M(bytes)
          [hit ratio: 99.996%]

time: write(0) read(0)  unit: second

swap file directory: (/home/jay/Desktop/graduation_project/rtl_coremark_2026_2_9_13_44/verdiLog)
used swap file number: (6)



swap file manager:
arrSize: (256)
idxCnt: (7)
closeHead: (1)
closeTail: (6)
openCnt: (6)
fid(6): fd(1073741828) fileName(/home/jay/Desktop/graduation_project/rtl_coremark_2026_2_9_13_44/simv.daidir/kdb.elab++/work.lib++/registerfile.v.tdc)
	size(3630) lastModTime(1770621400) curModTime(1770621400)
	mode(rb)	hot(0) cool(5) pos(0)
fid(5): fd(1073741827) fileName(/home/jay/Desktop/graduation_project/rtl_coremark_2026_2_9_13_44/simv.daidir/kdb.elab++/work.lib++/openmips.v.tdc)
	size(16886) lastModTime(1770621400) curModTime(1770621400)
	mode(rb)	hot(6) cool(4) pos(0)
fid(4): fd(1073741826) fileName(/home/jay/Desktop/graduation_project/rtl_coremark_2026_2_9_13_44/simv.daidir/kdb.elab++/work.lib++/top.v.tdc)
	size(4049) lastModTime(1770621400) curModTime(1770621400)
	mode(rb)	hot(5) cool(3) pos(0)
fid(3): fd(1073741825) fileName(/home/jay/Desktop/graduation_project/rtl_coremark_2026_2_9_13_44/simv.daidir/kdb.elab++/work.lib++/testbench.v.tdc)
	size(4510) lastModTime(1770621400) curModTime(1770621400)
	mode(rb)	hot(4) cool(2) pos(0)
fid(2): fd(33) fileName(/home/jay/Desktop/graduation_project/rtl_coremark_2026_2_9_13_44/verdiLog/_swap_0001#8323329#86878)
	size(0) lastModTime(0) curModTime(1770621441)
	mode(w+b)	hot(3) cool(1) pos(0)
fid(1): fd(1073741824) fileName(/home/jay/Desktop/graduation_project/rtl_coremark_2026_2_9_13_44/simv.daidir/kdb.elab++/work.lib++/mux.v.tdc)
	size(2779) lastModTime(1770621400) curModTime(1770621400)
	mode(rb)	hot(2) cool(0) pos(0)
fid(0): fd(0) fileName(NULL)
	mode(NULL)	hot(0) cool(0) pos(0)
==================================================
mySelf(30c3efb0) pre(2fcac5a0) next(0)
version(200506)
date(Feb 11 2019 22:10:27)
