version: (200506)

available memory: 64M bytes
used memory: 245760 bytes [need 240K bytes if disable swap]

used block: 9 [memory(9) file(0)]
                 [ 8K(6) 64K(3) { total 240K bytes } ]
overhead: (9522) bytes for (9) blocks [Average: (1058) bytes/block]

write  => 0(times) 0K(bytes) [0K bytes to file]
read   => 3(times) 84K(bytes) [12K bytes compressed data from file]
access => 573464(times) 4493M(bytes)
          [hit ratio: 99.9995%]

time: write(0) read(0)  unit: second

swap file directory: (/home/jay/Desktop/graduation_project/i2c_interface/verdiLog)
used swap file number: (4)



swap file manager:
arrSize: (256)
idxCnt: (5)
closeHead: (1)
closeTail: (4)
openCnt: (4)
fid(4): fd(1073741826) fileName(/home/jay/Desktop/graduation_project/i2c_interface/simv.daidir/kdb.elab++/work.lib++/i2c_slave.v.tdc)
	size(8988) lastModTime(1769004355) curModTime(1769004355)
	mode(rb)	hot(0) cool(3) pos(0)
fid(3): fd(1073741825) fileName(/home/jay/Desktop/graduation_project/i2c_interface/simv.daidir/kdb.elab++/work.lib++/i2c_master.v.tdc)
	size(8312) lastModTime(1769004355) curModTime(1769004355)
	mode(rb)	hot(4) cool(2) pos(0)
fid(2): fd(29) fileName(/home/jay/Desktop/graduation_project/i2c_interface/verdiLog/_swap_0001#8323329#53958)
	size(0) lastModTime(0) curModTime(1769004360)
	mode(w+b)	hot(3) cool(1) pos(0)
fid(1): fd(1073741824) fileName(/home/jay/Desktop/graduation_project/i2c_interface/simv.daidir/kdb.elab++/work.lib++/i2c_tb.v.tdc)
	size(5667) lastModTime(1769004355) curModTime(1769004355)
	mode(rb)	hot(2) cool(0) pos(0)
fid(0): fd(0) fileName(NULL)
	mode(NULL)	hot(0) cool(0) pos(0)
==================================================
mySelf(505e9110) pre(4fad7e80) next(0)
version(200506)
date(Feb 11 2019 22:10:27)
